GROUP,PACKAGE,CLASS,INSTRUCTION_MISSED,INSTRUCTION_COVERED,BRANCH_MISSED,BRANCH_COVERED,LINE_MISSED,LINE_COVERED,COMPLEXITY_MISSED,COMPLEXITY_COVERED,METHOD_MISSED,METHOD_COVERED
OpenWMS.org CORE: Configuration Service,org.openwms.config,ConfigurationServerRunner,5,21,0,0,2,2,1,3,1,3
OpenWMS.org CORE: Configuration Service,org.openwms.config,ConfigurationServerOtlpConfiguration.OtelConfiguration,0,8,0,0,0,2,0,2,0,2
OpenWMS.org CORE: Configuration Service,org.openwms.config,ConfigurationServerOtlpConfiguration,3,0,0,0,1,0,1,0,1,0
